<?xml version="1.0" encoding="UTF-8"?>
<testsuite xmlns:xsi="http://www.w3.org/2001/XMLSchema-instance" xsi:noNamespaceSchemaLocation="https://maven.apache.org/surefire/maven-surefire-plugin/xsd/surefire-test-report-3.0.xsd" version="3.0" name="edu.yu.cs.com1320.project.DocumentStoreStage3Test" time="0.164" tests="11" errors="0" skipped="0" failures="0">
  <properties>
[...]
</properties>
  <testcase name="basicSearchDeleteTest" classname="edu.yu.cs.com1320.project.DocumentStoreStage3Test" time="0.008">
    <system-out><![CDATA[pm
upheap
]]></system-out>
  </testcase>
  <testcase name="testUndoCommandSet2" classname="edu.yu.cs.com1320.project.DocumentStoreStage3Test" time="0.008">
    <system-out><![CDATA[pm
upheap
delete lambda
http://edu.yu.cs/com1320/project/doc2
]]></system-out>
  </testcase>
  <testcase name="testUndoCommandSet" classname="edu.yu.cs.com1320.project.DocumentStoreStage3Test" time="0.008">
    <system-out><![CDATA[pm
upheap
undo uri1:
upheap
undo uri2:
upheap
delete lambda
http://edu.yu.cs/com1320/project/doc3
]]></system-out>
  </testcase>
  <testcase name="testOrder" classname="edu.yu.cs.com1320.project.DocumentStoreStage3Test" time="0.01">
    <system-out><![CDATA[pm
]]></system-out>
  </testcase>
  <testcase name="myTestTrie" classname="edu.yu.cs.com1320.project.DocumentStoreStage3Test" time="0.008">
    <system-out><![CDATA[pm
]]></system-out>
  </testcase>
  <testcase name="testDeleteAndDeleteAll" classname="edu.yu.cs.com1320.project.DocumentStoreStage3Test" time="0.023">
    <system-out><![CDATA[pm
upheap
upheap
upheap
]]></system-out>
  </testcase>
  <testcase name="basicPutOverwriteTest" classname="edu.yu.cs.com1320.project.DocumentStoreStage3Test" time="0.008">
    <system-out><![CDATA[pm
overwrite
overwrite heap

]]></system-out>
  </testcase>
  <testcase name="basicSearchAndOrganizationTest" classname="edu.yu.cs.com1320.project.DocumentStoreStage3Test" time="0.008">
    <system-out><![CDATA[pm
]]></system-out>
  </testcase>
  <testcase name="testUndoWithArgs" classname="edu.yu.cs.com1320.project.DocumentStoreStage3Test" time="0.008">
    <system-out><![CDATA[pm
delete lambda
http://edu.yu.cs/com1320/project/doc1
upheap
]]></system-out>
  </testcase>
  <testcase name="testUndoNoArgs" classname="edu.yu.cs.com1320.project.DocumentStoreStage3Test" time="0.008">
    <system-out><![CDATA[pm
delete lambda
http://edu.yu.cs/com1320/project/doc3
upheap
upheap
]]></system-out>
  </testcase>
  <testcase name="removeCommandSet" classname="edu.yu.cs.com1320.project.DocumentStoreStage3Test" time="0">
    <system-out><![CDATA[pm
upheap

upheap
delete lambda
http://edu.yu.cs/com1320/project/doc2
]]></system-out>
  </testcase>
</testsuite>