<?xml version="1.0" encoding="UTF-8"?>
<testsuite xmlns:xsi="http://www.w3.org/2001/XMLSchema-instance" xsi:noNamespaceSchemaLocation="https://maven.apache.org/surefire/maven-surefire-plugin/xsd/surefire-test-report-3.0.xsd" version="3.0" name="edu.yu.cs.com1320.project.stage4DocStoreTest" time="0.508" tests="31" errors="0" skipped="0" failures="0">
  <properties>
[...]
</properties>
  <testcase name="stage3DeleteAllWithPrefix" classname="edu.yu.cs.com1320.project.stage4DocStoreTest" time="0.004">
    <system-out><![CDATA[pm
upheap
upheap
]]></system-out>
  </testcase>
  <testcase name="stage3SearchTxtByPrefix" classname="edu.yu.cs.com1320.project.stage4DocStoreTest" time="0.006">
    <system-out><![CDATA[pm
]]></system-out>
  </testcase>
  <testcase name="testPutNewVersionOfDocumentBinary" classname="edu.yu.cs.com1320.project.stage4DocStoreTest" time="0.005">
    <system-out><![CDATA[pm
overwrite
overwrite heap

]]></system-out>
  </testcase>
  <testcase name="stage4TestUpdateDocLastUseTimeOnSearch" classname="edu.yu.cs.com1320.project.stage4DocStoreTest" time="0.001">
    <system-out><![CDATA[pm
]]></system-out>
  </testcase>
  <testcase name="stage4TestMaxDocBytesViaSearch" classname="edu.yu.cs.com1320.project.stage4DocStoreTest" time="0.015">
    <system-out><![CDATA[pm
move to disk
serialize
{"documentText":"Text doc2 plain String","key":"http://edu.yu.cs/com1320/project/doc2","wordMap":{"string":1,"doc2":1,"plain":1,"text":1}}
succesful serialize
]]></system-out>
  </testcase>
  <testcase name="stage4TestMaxDocCountViaPut" classname="edu.yu.cs.com1320.project.stage4DocStoreTest" time="0.054">
    <system-out><![CDATA[pm
move to disk
serialize
{"documentBinaryData":[84,104,105,115,32,100,111,99,49,32,112,108,97,105,110,32,116,101,120,116,32,115,116,114,105,110,103,32,67,111,109,112,117,116,101,114,32,72,101,97,100,112,104,111,110,101,115],"key":"http://edu.yu.cs/com1320/project/doc1","wordMap":{}}
succesful serialize
move to disk
serialize
{"documentBinaryData":[84,101,120,116,32,100,111,99,50,32,112,108,97,105,110,32,83,116,114,105,110,103],"key":"http://edu.yu.cs/com1320/project/doc2","wordMap":{}}
succesful serialize
]]></system-out>
  </testcase>
  <testcase name="testPutBinaryDocumentNoPreviousDocAtURI" classname="edu.yu.cs.com1320.project.stage4DocStoreTest" time="0.003">
    <system-out><![CDATA[pm
]]></system-out>
  </testcase>
  <testcase name="stage4TestMaxDocsWhenDoubleMaxViaPut" classname="edu.yu.cs.com1320.project.stage4DocStoreTest" time="0.063">
    <system-out><![CDATA[pm
move to disk
serialize
{"documentText":"This doc1 plain text string Computer Headphones","key":"http://edu.yu.cs/com1320/project/doc1","wordMap":{"computer":1,"string":1,"doc1":1,"plain":1,"headphones":1,"this":1,"text":1}}
succesful serialize
move to disk
serialize
{"documentText":"Text doc2 plain String","key":"http://edu.yu.cs/com1320/project/doc2","wordMap":{"string":1,"doc2":1,"plain":1,"text":1}}
succesful serialize
]]></system-out>
  </testcase>
  <testcase name="testGetBinaryDocAsBinary" classname="edu.yu.cs.com1320.project.stage4DocStoreTest" time="0.002">
    <system-out><![CDATA[pm
]]></system-out>
  </testcase>
  <testcase name="stage4TestUpdateDocLastUseTimeOnSearchByPrefix" classname="edu.yu.cs.com1320.project.stage4DocStoreTest" time="0.002">
    <system-out><![CDATA[pm
]]></system-out>
  </testcase>
  <testcase name="stage3DeleteAllTxt" classname="edu.yu.cs.com1320.project.stage4DocStoreTest" time="0.004">
    <system-out><![CDATA[pm
upheap
]]></system-out>
  </testcase>
  <testcase name="stage4TestMaxBytesWhenDoubleMaxViaPut" classname="edu.yu.cs.com1320.project.stage4DocStoreTest" time="0.021">
    <system-out><![CDATA[pm
move to disk
serialize
{"documentText":"This doc1 plain text string Computer Headphones","key":"http://edu.yu.cs/com1320/project/doc1","wordMap":{"computer":1,"string":1,"doc1":1,"plain":1,"headphones":1,"this":1,"text":1}}
succesful serialize
move to disk
serialize
{"documentText":"Text doc2 plain String","key":"http://edu.yu.cs/com1320/project/doc2","wordMap":{"string":1,"doc2":1,"plain":1,"text":1}}
succesful serialize
]]></system-out>
  </testcase>
  <testcase name="stage4TestUndoAfterMaxBytes" classname="edu.yu.cs.com1320.project.stage4DocStoreTest" time="0.024">
    <system-out><![CDATA[pm
move to disk
serialize
{"documentText":"This doc1 plain text string Computer Headphones","key":"http://edu.yu.cs/com1320/project/doc1","wordMap":{"computer":1,"string":1,"doc1":1,"plain":1,"headphones":1,"this":1,"text":1}}
succesful serialize
delete lambda
http://edu.yu.cs/com1320/project/doc4
upheap
]]></system-out>
  </testcase>
  <testcase name="stage3SearchBinaryByPrefix" classname="edu.yu.cs.com1320.project.stage4DocStoreTest" time="0.012">
    <system-out><![CDATA[pm
]]></system-out>
  </testcase>
  <testcase name="stage4TestUndoAfterMaxDocCount" classname="edu.yu.cs.com1320.project.stage4DocStoreTest" time="0.008">
    <system-out><![CDATA[pm
move to disk
serialize
{"documentBinaryData":[84,104,105,115,32,100,111,99,49,32,112,108,97,105,110,32,116,101,120,116,32,115,116,114,105,110,103,32,67,111,109,112,117,116,101,114,32,72,101,97,100,112,104,111,110,101,115],"key":"http://edu.yu.cs/com1320/project/doc1","wordMap":{}}
succesful serialize
delete lambda
http://edu.yu.cs/com1320/project/doc4
upheap
]]></system-out>
  </testcase>
  <testcase name="stage3SearchBinary" classname="edu.yu.cs.com1320.project.stage4DocStoreTest" time="0.057">
    <system-out><![CDATA[pm
pm
]]></system-out>
  </testcase>
  <testcase name="stage5BTreeTest" classname="edu.yu.cs.com1320.project.stage4DocStoreTest" time="0.011">
    <system-out><![CDATA[pm
47
22
24
move to disk
serialize
{"documentText":"This doc1 plain text string Computer Headphones","key":"http://edu.yu.cs/com1320/project/doc1","wordMap":{"computer":1,"string":1,"doc1":1,"plain":1,"headphones":1,"this":1,"text":1}}
succesful serialize

]]></system-out>
  </testcase>
  <testcase name="testDeleteDoc" classname="edu.yu.cs.com1320.project.stage4DocStoreTest" time="0.011">
    <system-out><![CDATA[pm
]]></system-out>
  </testcase>
  <testcase name="testDeleteDocReturnValue" classname="edu.yu.cs.com1320.project.stage4DocStoreTest" time="0.006">
    <system-out><![CDATA[pm
]]></system-out>
  </testcase>
  <testcase name="stage3DeleteAllBinary" classname="edu.yu.cs.com1320.project.stage4DocStoreTest" time="0.003">
    <system-out><![CDATA[pm
]]></system-out>
  </testcase>
  <testcase name="stage4TestUpdateDocLastUseTimeOnOverwrite" classname="edu.yu.cs.com1320.project.stage4DocStoreTest" time="0.001">
    <system-out><![CDATA[pm
overwrite
overwrite heap

]]></system-out>
  </testcase>
  <testcase name="stage4TestSetDocLastUseTimeOnGet" classname="edu.yu.cs.com1320.project.stage4DocStoreTest" time="0.005">
    <system-out><![CDATA[pm
]]></system-out>
  </testcase>
  <testcase name="stage4TestSetDocLastUseTimeOnPut" classname="edu.yu.cs.com1320.project.stage4DocStoreTest" time="0.003">
    <system-out><![CDATA[pm
]]></system-out>
  </testcase>
  <testcase name="stage3Search" classname="edu.yu.cs.com1320.project.stage4DocStoreTest" time="0.012">
    <system-out><![CDATA[pm
pm
]]></system-out>
  </testcase>
  <testcase name="stage4TestMaxDocBytesViaPut" classname="edu.yu.cs.com1320.project.stage4DocStoreTest" time="0.05">
    <system-out><![CDATA[pm
move to disk
serialize
{"documentText":"This doc1 plain text string Computer Headphones","key":"http://edu.yu.cs/com1320/project/doc1","wordMap":{"computer":1,"string":1,"doc1":1,"plain":1,"headphones":1,"this":1,"text":1}}
succesful serialize
move to disk
serialize
{"documentText":"Text doc2 plain String","key":"http://edu.yu.cs/com1320/project/doc2","wordMap":{"string":1,"doc2":1,"plain":1,"text":1}}
succesful serialize
]]></system-out>
  </testcase>
  <testcase name="testPutTxtDocumentNoPreviousDocAtURI" classname="edu.yu.cs.com1320.project.stage4DocStoreTest" time="0.003">
    <system-out><![CDATA[pm
]]></system-out>
  </testcase>
  <testcase name="testGetTxtDoc" classname="edu.yu.cs.com1320.project.stage4DocStoreTest" time="0.001">
    <system-out><![CDATA[pm
]]></system-out>
  </testcase>
  <testcase name="testGetTxtDocAsBinary" classname="edu.yu.cs.com1320.project.stage4DocStoreTest" time="0.002">
    <system-out><![CDATA[pm
]]></system-out>
  </testcase>
  <testcase name="testPutDocumentWithNullArguments" classname="edu.yu.cs.com1320.project.stage4DocStoreTest" time="0">
    <system-out><![CDATA[pm
]]></system-out>
  </testcase>
  <testcase name="stage4TestMaxDocCountViaSearch" classname="edu.yu.cs.com1320.project.stage4DocStoreTest" time="0.034">
    <system-out><![CDATA[pm

move to disk
serialize
{"documentText":"Text doc2 plain String","key":"http://edu.yu.cs/com1320/project/doc2","wordMap":{"string":1,"doc2":1,"plain":1,"text":1}}
succesful serialize
]]></system-out>
  </testcase>
  <testcase name="testGetBinaryDocAsTxt" classname="edu.yu.cs.com1320.project.stage4DocStoreTest" time="0.011">
    <system-out><![CDATA[pm
]]></system-out>
  </testcase>
</testsuite>