<?xml version="1.0" encoding="UTF-8"?>
<testsuite xmlns:xsi="http://www.w3.org/2001/XMLSchema-instance" xsi:noNamespaceSchemaLocation="https://maven.apache.org/surefire/maven-surefire-plugin/xsd/surefire-test-report-3.0.xsd" version="3.0" name="edu.yu.cs.com1320.project.PersistentManagerTest" time="1.365" tests="3" errors="0" skipped="0" failures="0">
  <properties>
[...]
</properties>
  <testcase name="stage5TestSerializationPath" classname="edu.yu.cs.com1320.project.PersistentManagerTest" time="1.113">
    <system-out><![CDATA[pm
serialize
{"documentText":"This is the text of doc1 in plain text No fancy file format just plain old String Computer Headphones.","key":"http://edu.yu.cs/com1320/project/doc1","wordMap":{"no":1,"fancy":1,"string":1,"in":1,"old":1,"headphones":1,"this":1,"format":1,"is":1,"the":1,"computer":1,"file":1,"doc1":1,"plain":2,"of":1,"text":2,"just":1}}
succesful serialize
serialize
{"documentText":"Text for doc2 A plain old String","key":"http://edu.yu.cs/com1320/project/doc2","wordMap":{"a":1,"string":1,"doc2":1,"plain":1,"old":1,"for":1,"text":1}}
succesful serialize
serialize
{"documentText":"Text for NYU doc2 A plain old String","key":"http://cs.nyu.edu/datastructs/project/doc2","wordMap":{"a":1,"string":1,"doc2":1,"plain":1,"old":1,"for":1,"text":1,"nyu":1}}
succesful serialize
]]></system-out>
  </testcase>
  <testcase name="stage5TestSerializationContent" classname="edu.yu.cs.com1320.project.PersistentManagerTest" time="0.103">
    <system-out><![CDATA[pm
serialize
{"documentText":"This is the text of doc1 in plain text No fancy file format just plain old String Computer Headphones.","key":"http://edu.yu.cs/com1320/project/doc1","wordMap":{"no":1,"fancy":1,"string":1,"in":1,"old":1,"headphones":1,"this":1,"format":1,"is":1,"the":1,"computer":1,"file":1,"doc1":1,"plain":2,"of":1,"text":2,"just":1}}
succesful serialize
serialize
{"documentText":"Text for doc2 A plain old String","key":"http://edu.yu.cs/com1320/project/doc2","wordMap":{"a":1,"string":1,"doc2":1,"plain":1,"old":1,"for":1,"text":1}}
succesful serialize
serialize
{"documentText":"Text for NYU doc2 A plain old String","key":"http://cs.nyu.edu/datastructs/project/doc2","wordMap":{"a":1,"string":1,"doc2":1,"plain":1,"old":1,"for":1,"text":1,"nyu":1}}
succesful serialize
]]></system-out>
  </testcase>
  <testcase name="stage5TestDeserialization" classname="edu.yu.cs.com1320.project.PersistentManagerTest" time="0.14">
    <system-out><![CDATA[pm
serialize
{"documentText":"This is the text of doc1 in plain text No fancy file format just plain old String Computer Headphones.","key":"http://edu.yu.cs/com1320/project/doc1","wordMap":{"no":1,"fancy":1,"string":1,"in":1,"old":1,"headphones":1,"this":1,"format":1,"is":1,"the":1,"computer":1,"file":1,"doc1":1,"plain":2,"of":1,"text":2,"just":1}}
succesful serialize
serialize
{"documentText":"Text for doc2 A plain old String","key":"http://edu.yu.cs/com1320/project/doc2","wordMap":{"a":1,"string":1,"doc2":1,"plain":1,"old":1,"for":1,"text":1}}
succesful serialize
serialize
{"documentText":"Text for NYU doc2 A plain old String","key":"http://cs.nyu.edu/datastructs/project/doc2","wordMap":{"a":1,"string":1,"doc2":1,"plain":1,"old":1,"for":1,"text":1,"nyu":1}}
succesful serialize
deserialize>
deserialize>
deserialize>
]]></system-out>
  </testcase>
</testsuite>