-------------------------------------------------------------------------------
Test set: edu.yu.cs.com1320.project.HashTableImplTest
-------------------------------------------------------------------------------
Tests run: 12, Failures: 1, Errors: 0, Skipped: 0, Time elapsed: 0.039 s <<< FAILURE! - in edu.yu.cs.com1320.project.HashTableImplTest
testPutReturnValue  Time elapsed: 0 s  <<< FAILURE!
org.opentest4j.AssertionFailedError: expected: <null> but was: <Value7>
	at edu.yu.cs.com1320.project.HashTableImplTest.testPutReturnValue(HashTableImplTest.java:54)

