-------------------------------------------------------------------------------
Test set: edu.yu.cs.com1320.project.DocumentStoreImplUndoTest
-------------------------------------------------------------------------------
Tests run: 5, Failures: 0, Errors: 1, Skipped: 0, Time elapsed: 0.091 s <<< FAILURE! - in edu.yu.cs.com1320.project.DocumentStoreImplUndoTest
testUndoSpecificUri  Time elapsed: 0.002 s  <<< ERROR!
java.lang.NullPointerException
	at edu.yu.cs.com1320.project.DocumentStoreImplUndoTest.testUndoSpecificUri(DocumentStoreImplUndoTest.java:145)

