<?xml version="1.0" encoding="UTF-8"?>
<testsuite xmlns:xsi="http://www.w3.org/2001/XMLSchema-instance" xsi:noNamespaceSchemaLocation="https://maven.apache.org/surefire/maven-surefire-plugin/xsd/surefire-test-report.xsd" name="edu.yu.cs.com1320.project.DocumentStoreImplTest" time="0.046" tests="8" errors="0" skipped="0" failures="0">
  <properties>
[...]
</properties>
  <testcase name="testPutDocumentStoreAsBinary" classname="edu.yu.cs.com1320.project.DocumentStoreImplTest" time="0"/>
  <testcase name="TestDeleteDocument" classname="edu.yu.cs.com1320.project.DocumentStoreImplTest" time="0"/>
  <testcase name="testPutDocumentStoreAsText" classname="edu.yu.cs.com1320.project.DocumentStoreImplTest" time="0.031"/>
  <testcase name="testGetAndPutReturnValues" classname="edu.yu.cs.com1320.project.DocumentStoreImplTest" time="0"/>
  <testcase name="firstTest" classname="edu.yu.cs.com1320.project.DocumentStoreImplTest" time="0"/>
  <testcase name="addOldToStore" classname="edu.yu.cs.com1320.project.DocumentStoreImplTest" time="0"/>
  <testcase name="testDelete" classname="edu.yu.cs.com1320.project.DocumentStoreImplTest" time="0"/>
  <testcase name="testThrowException" classname="edu.yu.cs.com1320.project.DocumentStoreImplTest" time="0"/>
</testsuite>