<?xml version="1.0" encoding="UTF-8"?>
<testsuite xmlns:xsi="http://www.w3.org/2001/XMLSchema-instance" xsi:noNamespaceSchemaLocation="https://maven.apache.org/surefire/maven-surefire-plugin/xsd/surefire-test-report.xsd" name="edu.yu.introtoalgs.IntersectRectanglesTest" time="0.107" tests="5" errors="0" skipped="0" failures="0">
  <properties>
[...]
</properties>
  <testcase name="simpleRectangleTest" classname="edu.yu.introtoalgs.IntersectRectanglesTest" time="0.022"/>
  <testcase name="simpleRectangleTest2" classname="edu.yu.introtoalgs.IntersectRectanglesTest" time="0.003"/>
  <testcase name="equalsTest" classname="edu.yu.introtoalgs.IntersectRectanglesTest" time="0"/>
  <testcase name="rectangleTest3" classname="edu.yu.introtoalgs.IntersectRectanglesTest" time="0.003"/>
  <testcase name="hashCodeTest" classname="edu.yu.introtoalgs.IntersectRectanglesTest" time="0"/>
</testsuite>