<?xml version="1.0" encoding="UTF-8"?>
<testsuite xmlns:xsi="http://www.w3.org/2001/XMLSchema-instance" xsi:noNamespaceSchemaLocation="https://maven.apache.org/surefire/maven-surefire-plugin/xsd/surefire-test-report-3.0.xsd" version="3.0" name="edu.yu.cs.com1320.project.HashTableImplTest" time="0.062" tests="12" errors="0" skipped="0" failures="0">
  <properties>
[...]
</properties>
  <testcase name="testDeleteViaPutNull" classname="edu.yu.cs.com1320.project.HashTableImplTest" time="0.008"/>
  <testcase name="hashTableImplReplacementTest" classname="edu.yu.cs.com1320.project.HashTableImplTest" time="0"/>
  <testcase name="testGet" classname="edu.yu.cs.com1320.project.HashTableImplTest" time="0"/>
  <testcase name="testGetMiss" classname="edu.yu.cs.com1320.project.HashTableImplTest" time="0"/>
  <testcase name="hashTableImplSimplePutAndGet" classname="edu.yu.cs.com1320.project.HashTableImplTest" time="0">
    <system-out><![CDATA[1:  
2:  
3:  
4:  
5:  
hi
]]></system-out>
  </testcase>
  <testcase name="HashEqualButNotEqual" classname="edu.yu.cs.com1320.project.HashTableImplTest" time="0.036"/>
  <testcase name="testPutReturnValue" classname="edu.yu.cs.com1320.project.HashTableImplTest" time="0.001"/>
  <testcase name="testSeparateChaining" classname="edu.yu.cs.com1320.project.HashTableImplTest" time="0.002"/>
  <testcase name="testGetChained" classname="edu.yu.cs.com1320.project.HashTableImplTest" time="0.001"/>
  <testcase name="hashTableImplCollisionTest" classname="edu.yu.cs.com1320.project.HashTableImplTest" time="0.001"/>
  <testcase name="hashTableDelNullPut" classname="edu.yu.cs.com1320.project.HashTableImplTest" time="0.001"/>
  <testcase name="testGetChangedValue" classname="edu.yu.cs.com1320.project.HashTableImplTest" time="0.004"/>
</testsuite>